mode: set
github.com/upbound/backend-exercise/pkg/models/app.go:23.70,24.36 1 1
github.com/upbound/backend-exercise/pkg/models/app.go:40.2,40.23 1 1
github.com/upbound/backend-exercise/pkg/models/app.go:24.36,26.10 2 1
github.com/upbound/backend-exercise/pkg/models/app.go:30.3,32.28 3 1
github.com/upbound/backend-exercise/pkg/models/app.go:38.3,38.26 1 1
github.com/upbound/backend-exercise/pkg/models/app.go:26.10,28.4 1 0
github.com/upbound/backend-exercise/pkg/models/app.go:32.28,37.4 4 1
github.com/upbound/backend-exercise/pkg/api/apps_controller.go:32.85,37.2 1 0
github.com/upbound/backend-exercise/pkg/api/apps_controller.go:40.69,41.30 1 0
github.com/upbound/backend-exercise/pkg/api/apps_controller.go:45.2,46.9 2 0
github.com/upbound/backend-exercise/pkg/api/apps_controller.go:49.2,50.16 2 0
github.com/upbound/backend-exercise/pkg/api/apps_controller.go:59.2,59.88 1 0
github.com/upbound/backend-exercise/pkg/api/apps_controller.go:41.30,44.3 2 0
github.com/upbound/backend-exercise/pkg/api/apps_controller.go:46.9,47.66 1 0
github.com/upbound/backend-exercise/pkg/api/apps_controller.go:50.16,51.33 1 0
github.com/upbound/backend-exercise/pkg/api/apps_controller.go:54.3,55.80 2 0
github.com/upbound/backend-exercise/pkg/api/apps_controller.go:51.33,53.4 1 0
github.com/upbound/backend-exercise/pkg/api/apps_controller.go:64.70,65.30 1 0
github.com/upbound/backend-exercise/pkg/api/apps_controller.go:69.2,70.9 2 0
github.com/upbound/backend-exercise/pkg/api/apps_controller.go:73.2,74.16 2 0
github.com/upbound/backend-exercise/pkg/api/apps_controller.go:81.2,81.88 1 0
github.com/upbound/backend-exercise/pkg/api/apps_controller.go:65.30,68.3 2 0
github.com/upbound/backend-exercise/pkg/api/apps_controller.go:70.9,71.66 1 0
github.com/upbound/backend-exercise/pkg/api/apps_controller.go:74.16,75.33 1 0
github.com/upbound/backend-exercise/pkg/api/apps_controller.go:78.3,79.80 2 0
github.com/upbound/backend-exercise/pkg/api/apps_controller.go:75.33,77.4 1 0
github.com/upbound/backend-exercise/pkg/api/apps_controller.go:85.70,86.30 1 0
github.com/upbound/backend-exercise/pkg/api/apps_controller.go:90.2,91.45 2 0
github.com/upbound/backend-exercise/pkg/api/apps_controller.go:94.2,95.16 2 0
github.com/upbound/backend-exercise/pkg/api/apps_controller.go:99.2,99.9 1 0
github.com/upbound/backend-exercise/pkg/api/apps_controller.go:103.2,104.93 2 0
github.com/upbound/backend-exercise/pkg/api/apps_controller.go:86.30,89.3 2 0
github.com/upbound/backend-exercise/pkg/api/apps_controller.go:91.45,93.3 1 0
github.com/upbound/backend-exercise/pkg/api/apps_controller.go:95.16,97.3 1 0
github.com/upbound/backend-exercise/pkg/api/apps_controller.go:99.9,101.3 1 0
github.com/upbound/backend-exercise/pkg/api/response.go:17.62,23.2 1 1
github.com/upbound/backend-exercise/pkg/api/response.go:25.66,28.2 2 1
github.com/upbound/backend-exercise/pkg/api/response.go:30.50,34.22 2 0
github.com/upbound/backend-exercise/pkg/api/response.go:38.2,38.29 1 0
github.com/upbound/backend-exercise/pkg/api/response.go:34.22,36.3 1 0
github.com/upbound/backend-exercise/pkg/api/response.go:41.55,45.2 3 0
github.com/upbound/backend-exercise/pkg/api/response.go:47.66,48.41 1 0
github.com/upbound/backend-exercise/pkg/api/response.go:48.41,50.3 1 0
github.com/upbound/backend-exercise/pkg/api/response.go:54.37,56.21 2 0
github.com/upbound/backend-exercise/pkg/api/response.go:64.2,64.13 1 0
github.com/upbound/backend-exercise/pkg/api/response.go:57.26,58.25 1 0
github.com/upbound/backend-exercise/pkg/api/response.go:59.26,60.25 1 0
github.com/upbound/backend-exercise/pkg/api/response.go:61.10,62.50 1 0
github.com/upbound/backend-exercise/pkg/api/response.go:68.41,70.16 2 1
github.com/upbound/backend-exercise/pkg/api/response.go:73.2,73.15 1 1
github.com/upbound/backend-exercise/pkg/api/response.go:70.16,71.13 1 0
github.com/upbound/backend-exercise/pkg/api/response.go:77.41,79.16 2 0
github.com/upbound/backend-exercise/pkg/api/response.go:82.2,82.15 1 0
github.com/upbound/backend-exercise/pkg/api/response.go:79.16,80.13 1 0
github.com/upbound/backend-exercise/pkg/api/serve.go:10.86,19.2 7 0
github.com/upbound/backend-exercise/pkg/storage/collection.go:13.34,17.2 1 1
github.com/upbound/backend-exercise/pkg/storage/collection.go:19.50,23.2 3 1
github.com/upbound/backend-exercise/pkg/storage/collection.go:25.59,26.29 1 1
github.com/upbound/backend-exercise/pkg/storage/collection.go:29.2,29.34 1 1
github.com/upbound/backend-exercise/pkg/storage/collection.go:26.29,28.3 1 1
github.com/upbound/backend-exercise/pkg/storage/collection.go:33.75,37.27 4 0
github.com/upbound/backend-exercise/pkg/storage/collection.go:77.2,77.24 1 0
github.com/upbound/backend-exercise/pkg/storage/collection.go:80.2,80.22 1 0
github.com/upbound/backend-exercise/pkg/storage/collection.go:37.27,38.14 1 0
github.com/upbound/backend-exercise/pkg/storage/collection.go:39.13,40.60 1 0
github.com/upbound/backend-exercise/pkg/storage/collection.go:43.16,44.63 1 0
github.com/upbound/backend-exercise/pkg/storage/collection.go:47.22,48.33 1 0
github.com/upbound/backend-exercise/pkg/storage/collection.go:55.18,56.65 1 0
github.com/upbound/backend-exercise/pkg/storage/collection.go:59.18,60.63 1 0
github.com/upbound/backend-exercise/pkg/storage/collection.go:63.17,64.64 1 0
github.com/upbound/backend-exercise/pkg/storage/collection.go:67.18,68.65 1 0
github.com/upbound/backend-exercise/pkg/storage/collection.go:71.22,72.69 1 0
github.com/upbound/backend-exercise/pkg/storage/collection.go:40.60,42.5 1 0
github.com/upbound/backend-exercise/pkg/storage/collection.go:44.63,46.5 1 0
github.com/upbound/backend-exercise/pkg/storage/collection.go:48.33,49.65 1 0
github.com/upbound/backend-exercise/pkg/storage/collection.go:49.65,51.6 1 0
github.com/upbound/backend-exercise/pkg/storage/collection.go:51.10,51.70 1 0
github.com/upbound/backend-exercise/pkg/storage/collection.go:51.70,53.6 1 0
github.com/upbound/backend-exercise/pkg/storage/collection.go:56.65,58.5 1 0
github.com/upbound/backend-exercise/pkg/storage/collection.go:60.63,62.5 1 0
github.com/upbound/backend-exercise/pkg/storage/collection.go:64.64,66.5 1 0
github.com/upbound/backend-exercise/pkg/storage/collection.go:68.65,70.5 1 0
github.com/upbound/backend-exercise/pkg/storage/collection.go:72.69,74.5 1 0
github.com/upbound/backend-exercise/pkg/storage/collection.go:77.24,79.3 1 0
